<?xml version="1.0" encoding="UTF-8"?>
<!-- Generated by org.testng.reporters.JUnitReportReporter -->
<testsuite skipped="0" hostname="WP020246-EUC" name="APITest" tests="1" failures="0" timestamp="20 Feb 2022 10:33:43 GMT" time="2.170" errors="0">
  <testcase name="getPet" time="2.170" classname="APITest"/>
</testsuite> <!-- APITest -->
