<?xml version="1.0" encoding="UTF-8"?>
<!-- Generated by org.testng.reporters.JUnitReportReporter -->
<testsuite skipped="0" hostname="WP020246-EUC" name="search.SearchText" tests="3" failures="0" timestamp="21 Feb 2022 22:11:58 GMT" time="12.875" errors="0">
  <testcase name="getPageTitle" time="3.357" classname="search.SearchText"/>
  <testcase name="getScreenshot" time="4.591" classname="search.SearchText"/>
  <testcase name="getSearchResult" time="4.927" classname="search.SearchText"/>
</testsuite> <!-- search.SearchText -->
