<?xml version="1.0" encoding="UTF-8"?>
<!-- Generated by org.testng.reporters.JUnitReportReporter -->
<testsuite skipped="0" hostname="WP020246-EUC" name="SearchText" tests="3" failures="0" timestamp="20 Feb 2022 09:55:21 GMT" time="23.471" errors="0">
  <testcase name="getScreenshot" time="9.705" classname="SearchText"/>
  <testcase name="getSearchResult" time="9.774" classname="SearchText"/>
  <testcase name="getTitle" time="3.992" classname="SearchText"/>
</testsuite> <!-- SearchText -->
